TLC2 Version 2026.05.04.141011 (rev: 2097138)
Warning: Please run the Java VM, which executes TLC with a throughput optimized garbage collector, by passing the "-XX:+UseParallelGC" property.
(Use the -nowarning option to disable this warning.)
Running breadth-first search Model-Checking with fp 94 and seed -3298800342093045407 with 1 worker on 14 cores with 6144MB heap and 64MB offheap memory [pid: 89189] (Mac OS X 26.4.1 aarch64, Amazon.com Inc. 21.0.6 64bit, MSBDiskFPSet, DiskStateQueue).
Parsing file /Users/nelson/code/valkey-active-active/audit/formal/CoreReplay.tla
Parsing file /private/var/folders/0y/dykynjfd6hb0rg77dzjnyz7m0000gn/T/tlc-16605262287317118500/Naturals.tla (jar:file:/Users/nelson/code/valkey-active-active/audit/formal/tla2tools.jar!/tla2sany/StandardModules/Naturals.tla)
Parsing file /private/var/folders/0y/dykynjfd6hb0rg77dzjnyz7m0000gn/T/tlc-16605262287317118500/FiniteSets.tla (jar:file:/Users/nelson/code/valkey-active-active/audit/formal/tla2tools.jar!/tla2sany/StandardModules/FiniteSets.tla)
Parsing file /private/var/folders/0y/dykynjfd6hb0rg77dzjnyz7m0000gn/T/tlc-16605262287317118500/_TLCTrace.tla (jar:file:/Users/nelson/code/valkey-active-active/audit/formal/tla2tools.jar!/tla2sany/StandardModules/_TLCTrace.tla)
Parsing file /private/var/folders/0y/dykynjfd6hb0rg77dzjnyz7m0000gn/T/tlc-16605262287317118500/Sequences.tla (jar:file:/Users/nelson/code/valkey-active-active/audit/formal/tla2tools.jar!/tla2sany/StandardModules/Sequences.tla)
Parsing file /private/var/folders/0y/dykynjfd6hb0rg77dzjnyz7m0000gn/T/tlc-16605262287317118500/TLC.tla (jar:file:/Users/nelson/code/valkey-active-active/audit/formal/tla2tools.jar!/tla2sany/StandardModules/TLC.tla)
Parsing file /private/var/folders/0y/dykynjfd6hb0rg77dzjnyz7m0000gn/T/tlc-16605262287317118500/TLCExt.tla (jar:file:/Users/nelson/code/valkey-active-active/audit/formal/tla2tools.jar!/tla2sany/StandardModules/TLCExt.tla)
Parsing file /private/var/folders/0y/dykynjfd6hb0rg77dzjnyz7m0000gn/T/tlc-16605262287317118500/Integers.tla (jar:file:/Users/nelson/code/valkey-active-active/audit/formal/tla2tools.jar!/tla2sany/StandardModules/Integers.tla)
Semantic processing of module Naturals
Semantic processing of module Sequences
Semantic processing of module FiniteSets
Semantic processing of module TLC
Semantic processing of module Integers
Semantic processing of module TLCExt
Semantic processing of module _TLCTrace
Semantic processing of module CoreReplay
Linting of module TLCExt
Linting of module _TLCTrace
Linting of module CoreReplay
Starting... (2026-05-06 21:30:16)
Computing initial states...
Finished computing initial states: 1 distinct state generated at 2026-05-06 21:30:16.
Model checking completed. No error has been found.
  Estimates of the probability that TLC did not check all reachable states
  because two distinct states had the same fingerprint:
  calculated (optimistic):  val = 1.2E-11
42793 states generated, 5905 distinct states found, 0 states left on queue.
The depth of the complete state graph search is 19.
The average outdegree of the complete state graph is 1 (minimum is 0, the maximum 6 and the 95th percentile is 3).
Finished in 00s at (2026-05-06 21:30:16)
