TLC2 Version 2026.05.04.141011 (rev: 2097138)
Warning: Please run the Java VM, which executes TLC with a throughput optimized garbage collector, by passing the "-XX:+UseParallelGC" property.
(Use the -nowarning option to disable this warning.)
Running breadth-first search Model-Checking with fp 53 and seed 3415140738705295400 with 1 worker on 14 cores with 6144MB heap and 64MB offheap memory [pid: 72702] (Mac OS X 26.4.1 aarch64, Amazon.com Inc. 21.0.6 64bit, MSBDiskFPSet, DiskStateQueue).
Parsing file /Users/nelson/code/valkey-active-active/audit/formal/Persistence.tla
Parsing file /private/var/folders/0y/dykynjfd6hb0rg77dzjnyz7m0000gn/T/tlc-2253310348092658537/Naturals.tla (jar:file:/Users/nelson/code/valkey-active-active/audit/formal/tla2tools.jar!/tla2sany/StandardModules/Naturals.tla)
Parsing file /private/var/folders/0y/dykynjfd6hb0rg77dzjnyz7m0000gn/T/tlc-2253310348092658537/_TLCTrace.tla (jar:file:/Users/nelson/code/valkey-active-active/audit/formal/tla2tools.jar!/tla2sany/StandardModules/_TLCTrace.tla)
Parsing file /private/var/folders/0y/dykynjfd6hb0rg77dzjnyz7m0000gn/T/tlc-2253310348092658537/TLC.tla (jar:file:/Users/nelson/code/valkey-active-active/audit/formal/tla2tools.jar!/tla2sany/StandardModules/TLC.tla)
Parsing file /private/var/folders/0y/dykynjfd6hb0rg77dzjnyz7m0000gn/T/tlc-2253310348092658537/TLCExt.tla (jar:file:/Users/nelson/code/valkey-active-active/audit/formal/tla2tools.jar!/tla2sany/StandardModules/TLCExt.tla)
Parsing file /private/var/folders/0y/dykynjfd6hb0rg77dzjnyz7m0000gn/T/tlc-2253310348092658537/Sequences.tla (jar:file:/Users/nelson/code/valkey-active-active/audit/formal/tla2tools.jar!/tla2sany/StandardModules/Sequences.tla)
Parsing file /private/var/folders/0y/dykynjfd6hb0rg77dzjnyz7m0000gn/T/tlc-2253310348092658537/FiniteSets.tla (jar:file:/Users/nelson/code/valkey-active-active/audit/formal/tla2tools.jar!/tla2sany/StandardModules/FiniteSets.tla)
Parsing file /private/var/folders/0y/dykynjfd6hb0rg77dzjnyz7m0000gn/T/tlc-2253310348092658537/Integers.tla (jar:file:/Users/nelson/code/valkey-active-active/audit/formal/tla2tools.jar!/tla2sany/StandardModules/Integers.tla)
Semantic processing of module Naturals
Semantic processing of module Sequences
Semantic processing of module FiniteSets
Semantic processing of module TLC
Semantic processing of module Integers
Semantic processing of module TLCExt
Semantic processing of module _TLCTrace
Semantic processing of module Persistence
Linting of module TLCExt
Linting of module _TLCTrace
Linting of module Persistence
Starting... (2026-05-06 22:21:24)
Computing initial states...
Finished computing initial states: 1 distinct state generated at 2026-05-06 22:21:24.
Model checking completed. No error has been found.
  Estimates of the probability that TLC did not check all reachable states
  because two distinct states had the same fingerprint:
  calculated (optimistic):  val = 0.0
6 states generated, 6 distinct states found, 0 states left on queue.
The depth of the complete state graph search is 6.
The average outdegree of the complete state graph is 1 (minimum is 0, the maximum 1 and the 95th percentile is 1).
Finished in 01s at (2026-05-06 22:21:24)
